<?xml version="1.0" encoding="UTF-8"?>
<!-- Generated by org.testng.reporters.JUnitReportReporter -->
<testsuite name="com.Maven.tatoc.MavinAutomation.MavenMainTest" tests="6" time="3.890" ignored="0" failures="0" timestamp="26 Jun 2018 11:36:13 GMT" skipped="0" hostname="LNDB0003" errors="0">
  <testcase name="verifyBasicCourseSelection" time="0.178" classname="com.Maven.tatoc.MavinAutomation.MavenMainTest"/>
  <testcase name="verifyDragPerformed" time="0.266" classname="com.Maven.tatoc.MavinAutomation.MavenMainTest"/>
  <testcase name="verifyGreenBoxSelected" time="0.239" classname="com.Maven.tatoc.MavinAutomation.MavenMainTest"/>
  <testcase name="verifyTextEnteredInPopupWindow" time="1.544" classname="com.Maven.tatoc.MavinAutomation.MavenMainTest"/>
  <testcase name="verifyCookieAdded" time="0.230" classname="com.Maven.tatoc.MavinAutomation.MavenMainTest"/>
  <testcase name="verifyBoxColorSame" time="1.433" classname="com.Maven.tatoc.MavinAutomation.MavenMainTest"/>
</testsuite> <!-- com.Maven.tatoc.MavinAutomation.MavenMainTest -->
